<?xml version="1.0" encoding="UTF-8"?>
<!-- Generated by org.testng.reporters.JUnitXMLReporter -->
<testsuite ignored="0" hostname="LAPTOP-VT8U0SHR" failures="0" tests="7" name="Default test" time="16.733" errors="0" timestamp="2021-07-23T16:45:13 IST">
  <testcase classname="Test.Blaze" name="pageTitle" time="7.008"/>
  <testcase classname="Test.Blaze" name="dropDownlist" time="1.065"/>
  <testcase classname="Test.Blaze" name="page_Title" time="2.33"/>
  <testcase classname="Test.Blaze" name="drop_Downlist" time="1.011"/>
  <testcase classname="Test.Blaze" name="textField" time="1.137"/>
  <testcase classname="Test.Blaze" name="Checkbox" time="3.141"/>
  <testcase classname="Test.Blaze" name="confirmationTitle" time="0.013"/>
</testsuite> <!-- Default test -->
